Arguments: 
  /usr/local/bin/node /home/chen/.yarn/bin/yarn.js publish --access public

PATH: 
  /home/chen/.yarn/bin:/home/chen/.config/yarn/global/node_modules/.bin:/home/chen/.yarn/bin:/home/chen/.config/yarn/global/node_modules/.bin:/usr/local/sbin:/usr/local/bin:/usr/sbin:/usr/bin:/sbin:/bin:/usr/games:/usr/local/games:/snap/bin:/home/chen/android-sdk/tools:/home/chen/android-sdk/tools

Yarn version: 
  1.22.15

Node version: 
  16.13.1

Platform: 
  linux x64

Trace: 
  Error: canceled
      at Interface.<anonymous> (/home/chen/.yarn/lib/cli.js:137145:13)
      at Interface.emit (node:events:390:28)
      at Interface._ttyWrite (node:readline:1081:16)
      at ReadStream.onkeypress (node:readline:288:10)
      at ReadStream.emit (node:events:390:28)
      at emitKeys (node:internal/readline/utils:358:14)
      at emitKeys.next (<anonymous>)
      at ReadStream.onData (node:internal/readline/emitKeypressEvents:61:36)
      at ReadStream.emit (node:events:390:28)
      at addChunk (node:internal/streams/readable:315:12)

npm manifest: 
  {
    "name": "@patchylauncher/prettier-config",
    "version": "1.0.0",
    "description": "PatchyLauncher prettier global config",
    "main": "index.json",
    "repository": "git@github.com:patchylauncher/prettier-config.git",
    "author": "Flleeppyy <flleeppyy@gmail.com>",
    "license": "MIT"
  }

yarn manifest: 
  No manifest

Lockfile: 
  No lockfile
